<?xml version="1.0" encoding="UTF-8"?>
<!-- Generated by org.testng.reporters.JUnitReportReporter -->
<testsuite skipped="0" hostname="DESKTOP-42FBSTC" name="Example.NewTest" tests="1" failures="0" timestamp="19 Aug 2017 00:16:42 GMT" time="3.549" errors="0">
  <testcase name="testEasy" time="3.549" classname="Example.NewTest"/>
</testsuite> <!-- Example.NewTest -->
